# JRE version: Java(TM) SE Runtime Environment (8.0_131-b11) (build 1.8.0_131-b11)
# Java VM: Java HotSpot(TM) 64-Bit Server VM (25.131-b11 mixed mode windows-amd64 compressed oops)
Heap:
 PSYoungGen      total 144384K, used 110789K [0x00000000ed800000, 0x00000000f8680000, 0x0000000100000000)
  eden space 134144K, 78% used [0x00000000ed800000,0x00000000f3e5d488,0x00000000f5b00000)
  from space 10240K, 58% used [0x00000000f5b00000,0x00000000f60d4080,0x00000000f6500000)
  to   space 8704K, 0% used [0x00000000f6500000,0x00000000f6500000,0x00000000f6d80000)
 ParOldGen       total 36864K, used 22146K [0x00000000c8800000, 0x00000000cac00000, 0x00000000ed800000)
  object space 36864K, 60% used [0x00000000c8800000,0x00000000c9da0a08,0x00000000cac00000)
 Metaspace       used 42626K, capacity 44743K, committed 44928K, reserved 1087488K
  class space    used 5821K, capacity 6185K, committed 6272K, reserved 1048576K
GC Heap History (10 events):
Event: 25.029 GC heap before
{Heap before GC invocations=11 (full 1):
 PSYoungGen      total 122368K, used 122358K [0x00000000ed800000, 0x00000000f6d80000, 0x0000000100000000)
  eden space 115200K, 100% used [0x00000000ed800000,0x00000000f4880000,0x00000000f4880000)
  from space 7168K, 99% used [0x00000000f4880000,0x00000000f4f7d868,0x00000000f4f80000)
  to   space 8704K, 0% used [0x00000000f6500000,0x00000000f6500000,0x00000000f6d80000)
 ParOldGen       total 36864K, used 14330K [0x00000000c8800000, 0x00000000cac00000, 0x00000000ed800000)
  object space 36864K, 38% used [0x00000000c8800000,0x00000000c95feb60,0x00000000cac00000)
 Metaspace       used 30442K, capacity 31788K, committed 32000K, reserved 1077248K
  class space    used 4083K, capacity 4348K, committed 4352K, reserved 1048576K
Event: 25.071 GC heap after
Heap after GC invocations=11 (full 1):
 PSYoungGen      total 142848K, used 8701K [0x00000000ed800000, 0x00000000f8680000, 0x0000000100000000)
  eden space 134144K, 0% used [0x00000000ed800000,0x00000000ed800000,0x00000000f5b00000)
  from space 8704K, 99% used [0x00000000f6500000,0x00000000f6d7f628,0x00000000f6d80000)
  to   space 10240K, 0% used [0x00000000f5b00000,0x00000000f5b00000,0x00000000f6500000)
 ParOldGen       total 36864K, used 15919K [0x00000000c8800000, 0x00000000cac00000, 0x00000000ed800000)
  object space 36864K, 43% used [0x00000000c8800000,0x00000000c978bce8,0x00000000cac00000)
 Metaspace       used 30442K, capacity 31788K, committed 32000K, reserved 1077248K
  class space    used 4083K, capacity 4348K, committed 4352K, reserved 1048576K
}
Event: 27.632 GC heap before
{Heap before GC invocations=12 (full 1):
 PSYoungGen      total 142848K, used 142845K [0x00000000ed800000, 0x00000000f8680000, 0x0000000100000000)
  eden space 134144K, 100% used [0x00000000ed800000,0x00000000f5b00000,0x00000000f5b00000)
  from space 8704K, 99% used [0x00000000f6500000,0x00000000f6d7f628,0x00000000f6d80000)
  to   space 10240K, 0% used [0x00000000f5b00000,0x00000000f5b00000,0x00000000f6500000)
 ParOldGen       total 36864K, used 15919K [0x00000000c8800000, 0x00000000cac00000, 0x00000000ed800000)
  object space 36864K, 43% used [0x00000000c8800000,0x00000000c978bce8,0x00000000cac00000)
 Metaspace       used 32498K, capacity 33966K, committed 34176K, reserved 1079296K
  class space    used 4378K, capacity 4695K, committed 4736K, reserved 1048576K
Event: 27.664 GC heap after
Heap after GC invocations=12 (full 1):
 PSYoungGen      total 144384K, used 5568K [0x00000000ed800000, 0x00000000f8680000, 0x0000000100000000)
  eden space 134144K, 0% used [0x00000000ed800000,0x00000000ed800000,0x00000000f5b00000)
  from space 10240K, 54% used [0x00000000f5b00000,0x00000000f6070068,0x00000000f6500000)
  to   space 8704K, 0% used [0x00000000f6500000,0x00000000f6500000,0x00000000f6d80000)
 ParOldGen       total 36864K, used 22463K [0x00000000c8800000, 0x00000000cac00000, 0x00000000ed800000)
  object space 36864K, 60% used [0x00000000c8800000,0x00000000c9defd88,0x00000000cac00000)
 Metaspace       used 32498K, capacity 33966K, committed 34176K, reserved 1079296K
  class space    used 4378K, capacity 4695K, committed 4736K, reserved 1048576K
}
Event: 29.745 GC heap before
{Heap before GC invocations=13 (full 1):
 PSYoungGen      total 144384K, used 65344K [0x00000000ed800000, 0x00000000f8680000, 0x0000000100000000)
  eden space 134144K, 44% used [0x00000000ed800000,0x00000000f125ff98,0x00000000f5b00000)
  from space 10240K, 54% used [0x00000000f5b00000,0x00000000f6070068,0x00000000f6500000)
  to   space 8704K, 0% used [0x00000000f6500000,0x00000000f6500000,0x00000000f6d80000)
 ParOldGen       total 36864K, used 22463K [0x00000000c8800000, 0x00000000cac00000, 0x00000000ed800000)
  object space 36864K, 60% used [0x00000000c8800000,0x00000000c9defd88,0x00000000cac00000)
 Metaspace       used 33621K, capacity 35357K, committed 35496K, reserved 1079296K
  class space    used 4546K, capacity 4864K, committed 4864K, reserved 1048576K
Event: 29.766 GC heap after
Heap after GC invocations=13 (full 1):
 PSYoungGen      total 142848K, used 2428K [0x00000000ed800000, 0x00000000f8680000, 0x0000000100000000)
  eden space 134144K, 0% used [0x00000000ed800000,0x00000000ed800000,0x00000000f5b00000)
  from space 8704K, 27% used [0x00000000f6500000,0x00000000f675f010,0x00000000f6d80000)
  to   space 10240K, 0% used [0x00000000f5b00000,0x00000000f5b00000,0x00000000f6500000)
 ParOldGen       total 36864K, used 26250K [0x00000000c8800000, 0x00000000cac00000, 0x00000000ed800000)
  object space 36864K, 71% used [0x00000000c8800000,0x00000000ca1a2ab0,0x00000000cac00000)
 Metaspace       used 33621K, capacity 35357K, committed 35496K, reserved 1079296K
  class space    used 4546K, capacity 4864K, committed 4864K, reserved 1048576K
}
Event: 29.766 GC heap before
{Heap before GC invocations=14 (full 2):
 PSYoungGen      total 142848K, used 2428K [0x00000000ed800000, 0x00000000f8680000, 0x0000000100000000)
  eden space 134144K, 0% used [0x00000000ed800000,0x00000000ed800000,0x00000000f5b00000)
  from space 8704K, 27% used [0x00000000f6500000,0x00000000f675f010,0x00000000f6d80000)
  to   space 10240K, 0% used [0x00000000f5b00000,0x00000000f5b00000,0x00000000f6500000)
 ParOldGen       total 36864K, used 26250K [0x00000000c8800000, 0x00000000cac00000, 0x00000000ed800000)
  object space 36864K, 71% used [0x00000000c8800000,0x00000000ca1a2ab0,0x00000000cac00000)
 Metaspace       used 33621K, capacity 35357K, committed 35496K, reserved 1079296K
  class space    used 4546K, capacity 4864K, committed 4864K, reserved 1048576K
Event: 30.047 GC heap after
Heap after GC invocations=14 (full 2):
 PSYoungGen      total 142848K, used 0K [0x00000000ed800000, 0x00000000f8680000, 0x0000000100000000)
  eden space 134144K, 0% used [0x00000000ed800000,0x00000000ed800000,0x00000000f5b00000)
  from space 8704K, 0% used [0x00000000f6500000,0x00000000f6500000,0x00000000f6d80000)
  to   space 10240K, 0% used [0x00000000f5b00000,0x00000000f5b00000,0x00000000f6500000)
 ParOldGen       total 36864K, used 22138K [0x00000000c8800000, 0x00000000cac00000, 0x00000000ed800000)
  object space 36864K, 60% used [0x00000000c8800000,0x00000000c9d9ea08,0x00000000cac00000)
 Metaspace       used 33621K, capacity 35357K, committed 35496K, reserved 1079296K
  class space    used 4546K, capacity 4864K, committed 4864K, reserved 1048576K
}
Event: 38.451 GC heap before
{Heap before GC invocations=15 (full 2):
 PSYoungGen      total 142848K, used 134144K [0x00000000ed800000, 0x00000000f8680000, 0x0000000100000000)
  eden space 134144K, 100% used [0x00000000ed800000,0x00000000f5b00000,0x00000000f5b00000)
  from space 8704K, 0% used [0x00000000f6500000,0x00000000f6500000,0x00000000f6d80000)
  to   space 10240K, 0% used [0x00000000f5b00000,0x00000000f5b00000,0x00000000f6500000)
 ParOldGen       total 36864K, used 22138K [0x00000000c8800000, 0x00000000cac00000, 0x00000000ed800000)
  object space 36864K, 60% used [0x00000000c8800000,0x00000000c9d9ea08,0x00000000cac00000)
 Metaspace       used 35639K, capacity 37601K, committed 37760K, reserved 1081344K
  class space    used 4851K, capacity 5230K, committed 5248K, reserved 1048576K
Event: 38.474 GC heap after
Heap after GC invocations=15 (full 2):
 PSYoungGen      total 144384K, used 5968K [0x00000000ed800000, 0x00000000f8680000, 0x0000000100000000)
  eden space 134144K, 0% used [0x00000000ed800000,0x00000000ed800000,0x00000000f5b00000)
  from space 10240K, 58% used [0x00000000f5b00000,0x00000000f60d4080,0x00000000f6500000)
  to   space 8704K, 0% used [0x00000000f6500000,0x00000000f6500000,0x00000000f6d80000)
 ParOldGen       total 36864K, used 22146K [0x00000000c8800000, 0x00000000cac00000, 0x00000000ed800000)
  object space 36864K, 60% used [0x00000000c8800000,0x00000000c9da0a08,0x00000000cac00000)
 Metaspace       used 35639K, capacity 37601K, committed 37760K, reserved 1081344K
  class space    used 4851K, capacity 5230K, committed 5248K, reserved 1048576K
}

