# JRE version: Java(TM) SE Runtime Environment (8.0_131-b11) (build 1.8.0_131-b11)
# Java VM: Java HotSpot(TM) 64-Bit Server VM (25.131-b11 mixed mode windows-amd64 compressed oops)
Heap:
 PSYoungGen      total 99840K, used 39886K [0x00000000ed800000, 0x00000000f5880000, 0x0000000100000000)
  eden space 92672K, 35% used [0x00000000ed800000,0x00000000ef7f47b8,0x00000000f3280000)
  from space 7168K, 99% used [0x00000000f4a80000,0x00000000f517f120,0x00000000f5180000)
  to   space 6144K, 0% used [0x00000000f5280000,0x00000000f5280000,0x00000000f5880000)
 ParOldGen       total 34816K, used 15031K [0x00000000c8800000, 0x00000000caa00000, 0x00000000ed800000)
  object space 34816K, 43% used [0x00000000c8800000,0x00000000c96add90,0x00000000caa00000)
 Metaspace       used 31843K, capacity 33142K, committed 33280K, reserved 1077248K
  class space    used 4210K, capacity 4487K, committed 4608K, reserved 1048576K
GC Heap History (10 events):
Event: 6.474 GC heap before
{Heap before GC invocations=6 (full 0):
 PSYoungGen      total 31744K, used 31736K [0x00000000ed800000, 0x00000000f1c00000, 0x0000000100000000)
  eden space 29696K, 100% used [0x00000000ed800000,0x00000000ef500000,0x00000000ef500000)
  from space 2048K, 99% used [0x00000000ef500000,0x00000000ef6fe030,0x00000000ef700000)
  to   space 5120K, 0% used [0x00000000f1700000,0x00000000f1700000,0x00000000f1c00000)
 ParOldGen       total 38400K, used 7216K [0x00000000c8800000, 0x00000000cad80000, 0x00000000ed800000)
  object space 38400K, 18% used [0x00000000c8800000,0x00000000c8f0c280,0x00000000cad80000)
 Metaspace       used 16491K, capacity 17036K, committed 17280K, reserved 1064960K
  class space    used 2226K, capacity 2362K, committed 2432K, reserved 1048576K
Event: 6.488 GC heap after
Heap after GC invocations=6 (full 0):
 PSYoungGen      total 64512K, used 4154K [0x00000000ed800000, 0x00000000f1c00000, 0x0000000100000000)
  eden space 59392K, 0% used [0x00000000ed800000,0x00000000ed800000,0x00000000f1200000)
  from space 5120K, 81% used [0x00000000f1700000,0x00000000f1b0e850,0x00000000f1c00000)
  to   space 5120K, 0% used [0x00000000f1200000,0x00000000f1200000,0x00000000f1700000)
 ParOldGen       total 38400K, used 7216K [0x00000000c8800000, 0x00000000cad80000, 0x00000000ed800000)
  object space 38400K, 18% used [0x00000000c8800000,0x00000000c8f0c280,0x00000000cad80000)
 Metaspace       used 16491K, capacity 17036K, committed 17280K, reserved 1064960K
  class space    used 2226K, capacity 2362K, committed 2432K, reserved 1048576K
}
Event: 7.712 GC heap before
{Heap before GC invocations=7 (full 0):
 PSYoungGen      total 64512K, used 44844K [0x00000000ed800000, 0x00000000f1c00000, 0x0000000100000000)
  eden space 59392K, 68% used [0x00000000ed800000,0x00000000effbc7f0,0x00000000f1200000)
  from space 5120K, 81% used [0x00000000f1700000,0x00000000f1b0e850,0x00000000f1c00000)
  to   space 5120K, 0% used [0x00000000f1200000,0x00000000f1200000,0x00000000f1700000)
 ParOldGen       total 38400K, used 7216K [0x00000000c8800000, 0x00000000cad80000, 0x00000000ed800000)
  object space 38400K, 18% used [0x00000000c8800000,0x00000000c8f0c280,0x00000000cad80000)
 Metaspace       used 20618K, capacity 21212K, committed 21296K, reserved 1067008K
  class space    used 2738K, capacity 2910K, committed 2944K, reserved 1048576K
Event: 7.740 GC heap after
Heap after GC invocations=7 (full 0):
 PSYoungGen      total 64512K, used 5108K [0x00000000ed800000, 0x00000000f5900000, 0x0000000100000000)
  eden space 59392K, 0% used [0x00000000ed800000,0x00000000ed800000,0x00000000f1200000)
  from space 5120K, 99% used [0x00000000f1200000,0x00000000f16fd190,0x00000000f1700000)
  to   space 6656K, 0% used [0x00000000f5280000,0x00000000f5280000,0x00000000f5900000)
 ParOldGen       total 38400K, used 9027K [0x00000000c8800000, 0x00000000cad80000, 0x00000000ed800000)
  object space 38400K, 23% used [0x00000000c8800000,0x00000000c90d0c80,0x00000000cad80000)
 Metaspace       used 20618K, capacity 21212K, committed 21296K, reserved 1067008K
  class space    used 2738K, capacity 2910K, committed 2944K, reserved 1048576K
}
Event: 7.740 GC heap before
{Heap before GC invocations=8 (full 1):
 PSYoungGen      total 64512K, used 5108K [0x00000000ed800000, 0x00000000f5900000, 0x0000000100000000)
  eden space 59392K, 0% used [0x00000000ed800000,0x00000000ed800000,0x00000000f1200000)
  from space 5120K, 99% used [0x00000000f1200000,0x00000000f16fd190,0x00000000f1700000)
  to   space 6656K, 0% used [0x00000000f5280000,0x00000000f5280000,0x00000000f5900000)
 ParOldGen       total 38400K, used 9027K [0x00000000c8800000, 0x00000000cad80000, 0x00000000ed800000)
  object space 38400K, 23% used [0x00000000c8800000,0x00000000c90d0c80,0x00000000cad80000)
 Metaspace       used 20618K, capacity 21212K, committed 21296K, reserved 1067008K
  class space    used 2738K, capacity 2910K, committed 2944K, reserved 1048576K
Event: 7.826 GC heap after
Heap after GC invocations=8 (full 1):
 PSYoungGen      total 64512K, used 0K [0x00000000ed800000, 0x00000000f5900000, 0x0000000100000000)
  eden space 59392K, 0% used [0x00000000ed800000,0x00000000ed800000,0x00000000f1200000)
  from space 5120K, 0% used [0x00000000f1200000,0x00000000f1200000,0x00000000f1700000)
  to   space 6656K, 0% used [0x00000000f5280000,0x00000000f5280000,0x00000000f5900000)
 ParOldGen       total 34816K, used 10313K [0x00000000c8800000, 0x00000000caa00000, 0x00000000ed800000)
  object space 34816K, 29% used [0x00000000c8800000,0x00000000c9212718,0x00000000caa00000)
 Metaspace       used 20618K, capacity 21212K, committed 21296K, reserved 1067008K
  class space    used 2738K, capacity 2910K, committed 2944K, reserved 1048576K
}
Event: 10.105 GC heap before
{Heap before GC invocations=9 (full 1):
 PSYoungGen      total 64512K, used 59392K [0x00000000ed800000, 0x00000000f5900000, 0x0000000100000000)
  eden space 59392K, 100% used [0x00000000ed800000,0x00000000f1200000,0x00000000f1200000)
  from space 5120K, 0% used [0x00000000f1200000,0x00000000f1200000,0x00000000f1700000)
  to   space 6656K, 0% used [0x00000000f5280000,0x00000000f5280000,0x00000000f5900000)
 ParOldGen       total 34816K, used 10313K [0x00000000c8800000, 0x00000000caa00000, 0x00000000ed800000)
  object space 34816K, 29% used [0x00000000c8800000,0x00000000c9212718,0x00000000caa00000)
 Metaspace       used 25541K, capacity 26318K, committed 26368K, reserved 1073152K
  class space    used 3349K, capacity 3553K, committed 3584K, reserved 1048576K
Event: 10.126 GC heap after
Heap after GC invocations=9 (full 1):
 PSYoungGen      total 98816K, used 6069K [0x00000000ed800000, 0x00000000f5880000, 0x0000000100000000)
  eden space 92672K, 0% used [0x00000000ed800000,0x00000000ed800000,0x00000000f3280000)
  from space 6144K, 98% used [0x00000000f5280000,0x00000000f586d688,0x00000000f5880000)
  to   space 7168K, 0% used [0x00000000f4a80000,0x00000000f4a80000,0x00000000f5180000)
 ParOldGen       total 34816K, used 10321K [0x00000000c8800000, 0x00000000caa00000, 0x00000000ed800000)
  object space 34816K, 29% used [0x00000000c8800000,0x00000000c9214718,0x00000000caa00000)
 Metaspace       used 25541K, capacity 26318K, committed 26368K, reserved 1073152K
  class space    used 3349K, capacity 3553K, committed 3584K, reserved 1048576K
}
Event: 14.330 GC heap before
{Heap before GC invocations=10 (full 1):
 PSYoungGen      total 98816K, used 98741K [0x00000000ed800000, 0x00000000f5880000, 0x0000000100000000)
  eden space 92672K, 100% used [0x00000000ed800000,0x00000000f3280000,0x00000000f3280000)
  from space 6144K, 98% used [0x00000000f5280000,0x00000000f586d688,0x00000000f5880000)
  to   space 7168K, 0% used [0x00000000f4a80000,0x00000000f4a80000,0x00000000f5180000)
 ParOldGen       total 34816K, used 10321K [0x00000000c8800000, 0x00000000caa00000, 0x00000000ed800000)
  object space 34816K, 29% used [0x00000000c8800000,0x00000000c9214718,0x00000000caa00000)
 Metaspace       used 31025K, capacity 32050K, committed 32256K, reserved 1077248K
  class space    used 4086K, capacity 4291K, committed 4352K, reserved 1048576K
Event: 14.355 GC heap after
Heap after GC invocations=10 (full 1):
 PSYoungGen      total 99840K, used 7164K [0x00000000ed800000, 0x00000000f5880000, 0x0000000100000000)
  eden space 92672K, 0% used [0x00000000ed800000,0x00000000ed800000,0x00000000f3280000)
  from space 7168K, 99% used [0x00000000f4a80000,0x00000000f517f120,0x00000000f5180000)
  to   space 6144K, 0% used [0x00000000f5280000,0x00000000f5280000,0x00000000f5880000)
 ParOldGen       total 34816K, used 15031K [0x00000000c8800000, 0x00000000caa00000, 0x00000000ed800000)
  object space 34816K, 43% used [0x00000000c8800000,0x00000000c96add90,0x00000000caa00000)
 Metaspace       used 31025K, capacity 32050K, committed 32256K, reserved 1077248K
  class space    used 4086K, capacity 4291K, committed 4352K, reserved 1048576K
}

